Initializing Plate Detector...
working with file: plate3
Plates detected: 0

Initializing Plate Detector...
working with file: IMG_1348
Plates detected: 0

Initializing Plate Detector...
working with file: plate1
NOT A PLATE!
Plates detected: 0

Initializing Plate Detector...
working with file: IMG_1264
Plates detected: 0

Initializing Plate Detector...
working with file: IMG_1238
Plates detected: 0

Initializing Plate Detector...
working with file: IMG_1244
Plates detected: 0

Initializing Plate Detector...
working with file: IMG_1260
Plates detected: 0

Initializing Plate Detector...
working with file: IMG_1250
Plates detected: 0

Initializing Plate Detector...
working with file: IMG_1271
Plates detected: 0

Initializing Plate Detector...
working with file: IMG_1235
Plates detected: 0

Initializing Plate Detector...
working with file: IMG_1262
Plates detected: 0

Initializing Plate Detector...
working with file: IMG_1272
Plates detected: 0

Initializing Plate Detector...
working with file: IMG_1251
Plates detected: 0

Initializing Plate Detector...
working with file: IMG_1247
Plates detected: 0

Initializing Plate Detector...
working with file: IMG_1257
Plates detected: 0

Initializing Plate Detector...
working with file: IMG_1234
Plates detected: 0

Initializing Plate Detector...
working with file: IMG_1256
Plates detected: 0

Initializing Plate Detector...
working with file: IMG_1240
Plates detected: 0

Initializing Plate Detector...
working with file: IMG_1242
Plates detected: 0

Initializing Plate Detector...
working with file: IMG_1248
Plates detected: 0

Initializing Plate Detector...
working with file: IMG_1254
Plates detected: 0

Initializing Plate Detector...
working with file: IMG_1259
NOT A PLATE!
Plates detected: 0

Initializing Plate Detector...
working with file: IMG_1230
Plates detected: 0

Initializing Plate Detector...
working with file: IMG_1228
Plates detected: 0

Initializing Plate Detector...
working with file: IMG_1294
Plates detected: 0

Initializing Plate Detector...
working with file: IMG_1276
Plates detected: 0

Initializing Plate Detector...
working with file: IMG_1286
Plates detected: 0

Initializing Plate Detector...
working with file: IMG_1298
Plates detected: 0

Initializing Plate Detector...
working with file: IMG_1333
NOT A PLATE!
Plates detected: 0

Initializing Plate Detector...
working with file: IMG_1302
NOT A PLATE!
Plates detected: 0

Initializing Plate Detector...
working with file: IMG_1303
NOT A PLATE!
Plates detected: 0

Initializing Plate Detector...
working with file: IMG_1283
Plates detected: 0

Initializing Plate Detector...
working with file: IMG_1315
NOT A PLATE!
NOT A PLATE!
NOT A PLATE!
Plates detected: 0

Initializing Plate Detector...
working with file: IMG_1293
NOT A PLATE!
Plates detected: 0

Initializing Plate Detector...
working with file: IMG_1309
NOT A PLATE!
Plates detected: 0

Initializing Plate Detector...
working with file: IMG_1152
NOT A PLATE!
Plates detected: 0

Initializing Plate Detector...
working with file: IMG_1318
NOT A PLATE!
Plates detected: 0

Initializing Plate Detector...
working with file: IMG_1305
Plates detected: 0

Initializing Plate Detector...
working with file: IMG_1282
NOT A PLATE!
Plates detected: 0

Initializing Plate Detector...
working with file: IMG_1149
NOT A PLATE!
NOT A PLATE!
NOT A PLATE!
NOT A PLATE!
Plates detected: 0

Initializing Plate Detector...
working with file: IMG_1310
Plates detected: 0

Initializing Plate Detector...
working with file: IMG_1311
NOT A PLATE!
Plates detected: 0

Initializing Plate Detector...
working with file: IMG_0999
NOT A PLATE!
Plates detected: 0

Initializing Plate Detector...
working with file: IMG_1174
NOT A PLATE!
Plates detected: 0

Initializing Plate Detector...
working with file: IMG_1332
NOT A PLATE!
NOT A PLATE!
NOT A PLATE!
Plates detected: 0

Initializing Plate Detector...
working with file: IMG_1177
NOT A PLATE!
NOT A PLATE!
Plates detected: 0

Initializing Plate Detector...
working with file: IMG_1313
NOT A PLATE!
NOT A PLATE!
Plates detected: 0

Initializing Plate Detector...
working with file: IMG_1215
NOT A PLATE!
Plates detected: 0

Initializing Plate Detector...
working with file: IMG_1181
Plates detected: 0

Initializing Plate Detector...
working with file: IMG_1345
Plates detected: 0

Initializing Plate Detector...
working with file: IMG_1216
Plates detected: 0

Initializing Plate Detector...
working with file: IMG_1342
Plates detected: 0

Initializing Plate Detector...
working with file: IMG_1148
NOT A PLATE!
NOT A PLATE!
Plates detected: 1

Initializing Plate Detector...
working with file: IMG_1265
Plates detected: 1

Initializing Plate Detector...
working with file: IMG_1258
Plates detected: 1

Initializing Plate Detector...
working with file: IMG_1175
NOT A PLATE!
Plates detected: 1

Initializing Plate Detector...
working with file: IMG_1246
Plates detected: 1

Initializing Plate Detector...
working with file: IMG_1187
NOT A PLATE!
Plates detected: 1

Initializing Plate Detector...
working with file: IMG_1300
NOT A PLATE!
Plates detected: 1

Initializing Plate Detector...
working with file: plate6
Plates detected: 1

Initializing Plate Detector...
working with file: IMG_1176
Plates detected: 1

Initializing Plate Detector...
working with file: IMG_1219
NOT A PLATE!
NOT A PLATE!
Plates detected: 1

Initializing Plate Detector...
working with file: IMG_1273
Plates detected: 1

Initializing Plate Detector...
working with file: IMG_1252
Plates detected: 1

Initializing Plate Detector...
working with file: IMG_1245
Plates detected: 1

Initializing Plate Detector...
working with file: IMG_1150
Plates detected: 1

Initializing Plate Detector...
working with file: IMG_1221
NOT A PLATE!
NOT A PLATE!
NOT A PLATE!
NOT A PLATE!
Plates detected: 1

Initializing Plate Detector...
working with file: IMG_1331
NOT A PLATE!
Plates detected: 1

Initializing Plate Detector...
working with file: IMG_1267
Plates detected: 1

Initializing Plate Detector...
working with file: IMG_1277
Plates detected: 1

Initializing Plate Detector...
working with file: plate2
Plates detected: 1

Initializing Plate Detector...
working with file: plate4
Plates detected: 1

Initializing Plate Detector...
working with file: plate5
Plates detected: 1

